<?xml version="1.0" encoding="UTF-8"?>
<testng-results total="1" passed="1" failed="0" skipped="0">
  <reporter-output>
  </reporter-output>
  <suite started-at="2018-09-11T11:36:52Z" name="Default suite" finished-at="2018-09-11T11:37:08Z" duration-ms="15904">
    <groups>
    </groups>
    <test started-at="2018-09-11T11:36:52Z" name="Default test" finished-at="2018-09-11T11:37:08Z" duration-ms="15904">
      <class name="com.mangesh.Testcases.POMtest">
        <test-method is-config="true" signature="setEnviornment()[pri:0, instance:com.mangesh.Testcases.POMtest@ae13544]" started-at="2018-09-11T17:06:52Z" name="setEnviornment" finished-at="2018-09-11T17:07:03Z" duration-ms="11121" status="PASS">
          <reporter-output>
          </reporter-output>
        </test-method> <!-- setEnviornment -->
        <test-method signature="verifyHomePageTitle()[pri:0, instance:com.mangesh.Testcases.POMtest@ae13544]" started-at="2018-09-11T17:07:03Z" name="verifyHomePageTitle" finished-at="2018-09-11T17:07:08Z" duration-ms="4732" status="PASS">
          <reporter-output>
          </reporter-output>
        </test-method> <!-- verifyHomePageTitle -->
      </class> <!-- com.mangesh.Testcases.POMtest -->
    </test> <!-- Default test -->
  </suite> <!-- Default suite -->
</testng-results>
